<?xml version="1.0" encoding="UTF-8"?>
<!-- Generated by org.testng.reporters.JUnitXMLReporter -->
<testsuite ignored="0" hostname="INLT-90GVBS3" failures="2" tests="10" name="SeleniumTests" time="75.363" errors="0" timestamp="2026-08-21T21:10:43 IST">
  <testcase classname="com.automation.tests.SearchTest" name="searchTest" time="5.423"/>
  <testcase classname="com.automation.tests.LoginTest" name="loginWithMultipleCredentials" time="10.692">
    <skipped/>
  </testcase> <!-- loginWithMultipleCredentials -->
  <testcase classname="com.automation.tests.LoginTest" name="loginWithMultipleCredentials" time="9.192">
    <skipped/>
  </testcase> <!-- loginWithMultipleCredentials -->
  <testcase classname="com.automation.tests.LoginTest" name="loginWithMultipleCredentials" time="11.148"/>
  <testcase classname="com.automation.tests.LoginTest" name="loginWithMultipleCredentials" time="4.558">
    <skipped/>
  </testcase> <!-- loginWithMultipleCredentials -->
  <testcase classname="com.automation.tests.LoginTest" name="loginWithMultipleCredentials" time="6.022">
    <skipped/>
  </testcase> <!-- loginWithMultipleCredentials -->
  <testcase classname="com.automation.tests.LoginTest" name="loginWithMultipleCredentials" time="6.327">
    <skipped/>
  </testcase> <!-- loginWithMultipleCredentials -->
  <testcase classname="com.automation.tests.LoginTest" name="loginWithMultipleCredentials" time="8.881">
    <skipped/>
  </testcase> <!-- loginWithMultipleCredentials -->
  <testcase classname="com.automation.tests.LoginTest" name="loginWithMultipleCredentials" time="5.48">
    <failure type="org.openqa.selenium.ElementNotInteractableException" message="element not interactable
  (Session info: chrome=151.0.7922.170)
Build info: version: &amp;apos;4.46.0&amp;apos;, revision: &amp;apos;df5a634 df5a6341cbb5f8f06b836bd595752775627c80dc&amp;apos;
System info: os.name: &amp;apos;Windows 11&amp;apos;, os.arch: &amp;apos;amd64&amp;apos;, os.version: &amp;apos;10.0&amp;apos;, java.version: &amp;apos;25.0.2&amp;apos;
Driver info: org.openqa.selenium.chrome.ChromeDriver
Command: [45fbb678c14325d441dd09f113142a5e, clickElement {id=f.39AECEBA4479A6822E5845FCF517A894.d.C3F7DFAD73D075A5A352A25C2E614CDD.e.39}]
Capabilities {acceptInsecureCerts: false, browserName: chrome, browserVersion: 151.0.7922.170, chrome: {chromedriverVersion: 151.0.7922.138 (41fa8244239..., userDataDir: C:\Users\MANOJK~1.R\AppData...}, fedcm:accounts: true, goog:chromeOptions: {debuggerAddress: localhost:64581}, goog:processID: 30016, networkConnectionEnabled: false, pageLoadStrategy: normal, platformName: windows, proxy: Proxy(), se:cdp: ws://localhost:64581/devtoo..., se:cdpVersion: 151.0.7922.170, setWindowRect: true, strictFileInteractability: false, timeouts: {implicit: 0, pageLoad: 300000, script: 30000}, unhandledPromptBehavior: dismiss and notify, webauthn:extension:credBlob: true, webauthn:extension:largeBlob: true, webauthn:extension:minPinLength: true, webauthn:extension:prf: true, webauthn:virtualAuthenticators: true}
Element: [[ChromeDriver: chrome on windows (45fbb678c14325d441dd09f113142a5e)] -&amp;gt; id: onetrust-accept-btn-handler]
Session ID: 45fbb678c14325d441dd09f113142a5e">
      <![CDATA[org.openqa.selenium.ElementNotInteractableException: element not interactable
  (Session info: chrome=151.0.7922.170)
Build info: version: '4.46.0', revision: 'df5a634 df5a6341cbb5f8f06b836bd595752775627c80dc'
System info: os.name: 'Windows 11', os.arch: 'amd64', os.version: '10.0', java.version: '25.0.2'
Driver info: org.openqa.selenium.chrome.ChromeDriver
Command: [45fbb678c14325d441dd09f113142a5e, clickElement {id=f.39AECEBA4479A6822E5845FCF517A894.d.C3F7DFAD73D075A5A352A25C2E614CDD.e.39}]
Capabilities {acceptInsecureCerts: false, browserName: chrome, browserVersion: 151.0.7922.170, chrome: {chromedriverVersion: 151.0.7922.138 (41fa8244239..., userDataDir: C:\Users\MANOJK~1.R\AppData...}, fedcm:accounts: true, goog:chromeOptions: {debuggerAddress: localhost:64581}, goog:processID: 30016, networkConnectionEnabled: false, pageLoadStrategy: normal, platformName: windows, proxy: Proxy(), se:cdp: ws://localhost:64581/devtoo..., se:cdpVersion: 151.0.7922.170, setWindowRect: true, strictFileInteractability: false, timeouts: {implicit: 0, pageLoad: 300000, script: 30000}, unhandledPromptBehavior: dismiss and notify, webauthn:extension:credBlob: true, webauthn:extension:largeBlob: true, webauthn:extension:minPinLength: true, webauthn:extension:prf: true, webauthn:virtualAuthenticators: true}
Element: [[ChromeDriver: chrome on windows (45fbb678c14325d441dd09f113142a5e)] -> id: onetrust-accept-btn-handler]
Session ID: 45fbb678c14325d441dd09f113142a5e
at org.openqa.selenium.remote.ErrorCodec.decode(ErrorCodec.java:169)
at org.openqa.selenium.remote.codec.w3c.W3CHttpResponseCodec.decode(W3CHttpResponseCodec.java:143)
at org.openqa.selenium.remote.codec.w3c.W3CHttpResponseCodec.decode(W3CHttpResponseCodec.java:50)
at org.openqa.selenium.remote.HttpCommandExecutor.execute(HttpCommandExecutor.java:196)
at org.openqa.selenium.remote.service.DriverCommandExecutor.invokeExecute(DriverCommandExecutor.java:217)
at org.openqa.selenium.remote.service.DriverCommandExecutor.execute(DriverCommandExecutor.java:175)
at org.openqa.selenium.remote.RemoteWebDriver.execute(RemoteWebDriver.java:626)
at org.openqa.selenium.remote.RemoteWebElement.execute(RemoteWebElement.java:225)
at org.openqa.selenium.remote.RemoteWebElement.click(RemoteWebElement.java:79)
at com.automation.pages.BasePage.dismissCookieBannerIfPresent(BasePage.java:25)
at com.automation.pages.LoginPage.login(LoginPage.java:21)
at com.automation.tests.LoginTest.loginWithMultipleCredentials(LoginTest.java:17)
at java.base/java.util.concurrent.ThreadPoolExecutor.runWorker(ThreadPoolExecutor.java:1090)
at java.base/java.util.concurrent.ThreadPoolExecutor$Worker.run(ThreadPoolExecutor.java:614)
at java.base/java.lang.Thread.run(Thread.java:1474)
... Removed 7 stack frames]]>
    </failure>
  </testcase> <!-- loginWithMultipleCredentials -->
  <testcase classname="com.automation.tests.LoginTest" name="loginWithMultipleCredentials" time="26.291">
    <failure type="org.openqa.selenium.TimeoutException" message="Expected condition failed: waiting for visibility of element found by By.cssSelector: .Heading1.Title.PH.OSInline, but... org.openqa.selenium.NoSuchElementException: no such element: Unable to locate element: {&amp;quot;method&amp;quot;:&amp;quot;css selector&amp;quot;,&amp;quot;selector&amp;quot;:&amp;quot;.Heading1.Title.PH.OSInline&amp;quot;}.
(tried for 10 seconds with 500 milliseconds interval)
Build info: version: &amp;apos;4.46.0&amp;apos;, revision: &amp;apos;df5a634 df5a6341cbb5f8f06b836bd595752775627c80dc&amp;apos;
System info: os.name: &amp;apos;Windows 11&amp;apos;, os.arch: &amp;apos;amd64&amp;apos;, os.version: &amp;apos;10.0&amp;apos;, java.version: &amp;apos;25.0.2&amp;apos;
Driver info: driver.version: unknown">
      <![CDATA[org.openqa.selenium.TimeoutException: Expected condition failed: waiting for visibility of element found by By.cssSelector: .Heading1.Title.PH.OSInline, but... org.openqa.selenium.NoSuchElementException: no such element: Unable to locate element: {"method":"css selector","selector":".Heading1.Title.PH.OSInline"}.
(tried for 10 seconds with 500 milliseconds interval)
Build info: version: '4.46.0', revision: 'df5a634 df5a6341cbb5f8f06b836bd595752775627c80dc'
System info: os.name: 'Windows 11', os.arch: 'amd64', os.version: '10.0', java.version: '25.0.2'
Driver info: driver.version: unknown
at org.openqa.selenium.support.ui.FluentWait.timeoutException(FluentWait.java:279)
at org.openqa.selenium.support.ui.FluentWait.until(FluentWait.java:234)
at com.automation.utils.WaitUtils.waitForVisibility(WaitUtils.java:38)
at com.automation.pages.DashboardPage.validateDashboard(DashboardPage.java:24)
at com.automation.tests.LoginTest.loginWithMultipleCredentials(LoginTest.java:21)
at java.base/java.util.concurrent.ThreadPoolExecutor.runWorker(ThreadPoolExecutor.java:1090)
at java.base/java.util.concurrent.ThreadPoolExecutor$Worker.run(ThreadPoolExecutor.java:614)
at java.base/java.lang.Thread.run(Thread.java:1474)
... Removed 7 stack frames]]>
    </failure>
  </testcase> <!-- loginWithMultipleCredentials -->
</testsuite> <!-- SeleniumTests -->
