<?xml version="1.0" encoding="UTF-8"?>
<testng-results ignored="0" total="1" passed="1" failed="0" skipped="0">
  <reporter-output>
  </reporter-output>
  <suite started-at="2026-08-24T20:29:16 IST" name="Default suite" finished-at="2026-08-24T20:29:45 IST" duration-ms="29626">
    <groups>
    </groups>
    <test started-at="2026-08-24T20:29:16 IST" name="Default test" finished-at="2026-08-24T20:29:45 IST" duration-ms="29626">
      <class name="com.automation.tests.LoginTest">
        <test-method is-config="true" signature="loadConfig()[pri:0, instance:com.automation.tests.LoginTest@7c729a55]" started-at="2026-08-24T20:29:16 IST" name="loadConfig" finished-at="2026-08-24T20:29:16 IST" duration-ms="10" status="PASS">
          <reporter-output>
          </reporter-output>
        </test-method> <!-- loadConfig -->
        <test-method is-config="true" signature="setUp()[pri:0, instance:com.automation.tests.LoginTest@7c729a55]" started-at="2026-08-24T20:29:16 IST" name="setUp" finished-at="2026-08-24T20:29:29 IST" duration-ms="13849" status="PASS">
          <reporter-output>
          </reporter-output>
        </test-method> <!-- setUp -->
        <test-method signature="loginWithMultipleCredentials(java.lang.String,java.lang.String,boolean)[pri:0, instance:com.automation.tests.LoginTest@7c729a55]" started-at="2026-08-24T20:29:29 IST" name="loginWithMultipleCredentials" data-provider="loginCredentials" finished-at="2026-08-24T20:29:43 IST" duration-ms="13589" status="PASS">
          <params>
            <param index="0">
              <value>
                <![CDATA[Russia123]]>
              </value>
            </param>
            <param index="1">
              <value>
                <![CDATA[Test@123]]>
              </value>
            </param>
            <param index="2">
              <value>
                <![CDATA[true]]>
              </value>
            </param>
          </params>
          <reporter-output>
          </reporter-output>
        </test-method> <!-- loginWithMultipleCredentials -->
        <test-method is-config="true" signature="tearDown()[pri:0, instance:com.automation.tests.LoginTest@7c729a55]" started-at="2026-08-24T20:29:43 IST" name="tearDown" finished-at="2026-08-24T20:29:45 IST" duration-ms="2125" status="PASS">
          <reporter-output>
          </reporter-output>
        </test-method> <!-- tearDown -->
      </class> <!-- com.automation.tests.LoginTest -->
    </test> <!-- Default test -->
  </suite> <!-- Default suite -->
</testng-results>
